2024-06-25 16:47:59,018 - Closing down clientserver connection
2024-06-25 16:49:17,252 - Closing down clientserver connection
2024-06-25 17:46:24,416 - Data extraction from CDW_SAPP_BRANCH successful at 2024-06-25 17:46:24.
2024-06-25 17:46:24,556 - Data transformation for CDW_SAPP_BRANCH successful at 2024-06-25 17:46:24.
2024-06-25 17:46:27,868 - Data loaded into MySQL table CDW_SAPP_BRANCH successful at 2024-06-25 17:46:27.
2024-06-25 17:46:27,901 - Data extraction from data/cdw_sapp_credit.json successful at 2024-06-25 17:46:27
2024-06-25 17:46:27,963 - Data transformation for credit card transactions successful at 2024-06-25 17:46:27
2024-06-25 17:46:36,953 - Data loaded into MySQL table CDW_SAPP_CREDIT_CARD successful at 2024-06-25 17:46:36.
2024-06-25 17:46:44,958 - Data loaded into MySQL table CDW_SAPP_CUSTOMER successful at 2024-06-25 17:46:44.
2024-06-25 17:46:44,974 - Closing down clientserver connection
2024-06-25 17:58:47,852 - Data extraction from CDW_SAPP_BRANCH successful at 2024-06-25 17:58:47.
2024-06-25 17:58:48,009 - Data transformation for CDW_SAPP_BRANCH successful at 2024-06-25 17:58:48.
2024-06-25 17:58:51,561 - Data loaded into MySQL table CDW_SAPP_BRANCH successful at 2024-06-25 17:58:51.
2024-06-25 17:58:51,592 - Data extraction from data/cdw_sapp_credit.json successful at 2024-06-25 17:58:51
2024-06-25 17:58:51,656 - Data transformation for credit card transactions successful at 2024-06-25 17:58:51
2024-06-25 17:59:00,780 - Data loaded into MySQL table CDW_SAPP_CREDIT_CARD successful at 2024-06-25 17:59:00.
2024-06-25 17:59:01,756 - Data loaded into MySQL table CDW_SAPP_CUSTOMER successful at 2024-06-25 17:59:01.
2024-06-25 17:59:01,805 - Closing down clientserver connection
2024-06-25 20:33:28,441 - Data extraction from CDW_SAPP_BRANCH successful at 2024-06-25 20:33:28.
2024-06-25 20:33:28,581 - Data transformation for CDW_SAPP_BRANCH successful at 2024-06-25 20:33:28.
2024-06-25 20:33:32,121 - Data loaded into MySQL table CDW_SAPP_BRANCH successful at 2024-06-25 20:33:32.
2024-06-25 20:33:32,152 - Data extraction from data/cdw_sapp_credit.json successful at 2024-06-25 20:33:32
2024-06-25 20:33:32,220 - Data transformation for credit card transactions successful at 2024-06-25 20:33:32
2024-06-25 20:33:40,480 - Data loaded into MySQL table CDW_SAPP_CREDIT_CARD successful at 2024-06-25 20:33:40.
2024-06-25 20:33:41,556 - Data loaded into MySQL table CDW_SAPP_CUSTOMER successful at 2024-06-25 20:33:41.
2024-06-25 20:33:41,593 - Closing down clientserver connection
2024-06-25 20:39:30,244 - Data extraction from CDW_SAPP_BRANCH successful at 2024-06-25 20:39:30.
2024-06-25 20:39:30,385 - Data transformation for CDW_SAPP_BRANCH successful at 2024-06-25 20:39:30.
2024-06-25 20:39:33,600 - Data loaded into MySQL table CDW_SAPP_BRANCH successful at 2024-06-25 20:39:33.
2024-06-25 20:39:33,631 - Data extraction from data/cdw_sapp_credit.json successful at 2024-06-25 20:39:33
2024-06-25 20:39:33,694 - Data transformation for credit card transactions successful at 2024-06-25 20:39:33
2024-06-25 20:39:42,059 - Data loaded into MySQL table CDW_SAPP_CREDIT_CARD successful at 2024-06-25 20:39:42.
2024-06-25 20:39:42,091 - Data extraction from data/cdw_sapp_customer.json successful at 2024-06-25 20:39:42
2024-06-25 20:39:42,200 - Data transformation for credit card transactions successful at 2024-06-25 20:39:42
2024-06-25 20:39:43,078 - Data loaded into MySQL table CDW_SAPP_CUSTOMER successful at 2024-06-25 20:39:43.
2024-06-25 20:39:43,110 - Closing down clientserver connection
2024-06-25 21:58:06,121 - Data extraction from CDW_SAPP_BRANCH successful at 2024-06-25 21:58:06.
2024-06-25 21:58:06,261 - Data transformation for CDW_SAPP_BRANCH successful at 2024-06-25 21:58:06.
2024-06-25 21:58:09,781 - Data loaded into MySQL table CDW_SAPP_BRANCH successful at 2024-06-25 21:58:09.
2024-06-25 21:58:09,828 - Data extraction from data/cdw_sapp_credit.json successful at 2024-06-25 21:58:09
2024-06-25 21:58:09,914 - Data transformation for credit card transactions successful at 2024-06-25 21:58:09
2024-06-25 21:58:19,834 - Data loaded into MySQL table CDW_SAPP_CREDIT_CARD successful at 2024-06-25 21:58:19.
2024-06-25 21:58:19,850 - Data extraction from data/cdw_sapp_customer.json successful at 2024-06-25 21:58:19
2024-06-25 21:58:19,944 - Data transformation for credit card transactions successful at 2024-06-25 21:58:19
2024-06-25 21:58:20,746 - Data loaded into MySQL table CDW_SAPP_CUSTOMER successful at 2024-06-25 21:58:20.
2024-06-25 21:58:20,778 - Closing down clientserver connection
2024-06-25 22:00:18,175 - Data extraction from CDW_SAPP_BRANCH successful at 2024-06-25 22:00:18.
2024-06-25 22:00:18,316 - Data transformation for CDW_SAPP_BRANCH successful at 2024-06-25 22:00:18.
2024-06-25 22:00:21,495 - Data loaded into MySQL table CDW_SAPP_BRANCH successful at 2024-06-25 22:00:21.
2024-06-25 22:00:21,510 - Data extraction from data/cdw_sapp_credit.json successful at 2024-06-25 22:00:21
2024-06-25 22:00:21,589 - Data transformation for credit card transactions successful at 2024-06-25 22:00:21
2024-06-25 22:00:30,081 - Data loaded into MySQL table CDW_SAPP_CREDIT_CARD successful at 2024-06-25 22:00:30.
2024-06-25 22:00:30,113 - Data extraction from data/cdw_sapp_customer.json successful at 2024-06-25 22:00:30
2024-06-25 22:00:30,239 - Data transformation for credit card transactions successful at 2024-06-25 22:00:30
2024-06-25 22:00:31,165 - Data loaded into MySQL table CDW_SAPP_CUSTOMER successful at 2024-06-25 22:00:31.
2024-06-25 22:00:31,197 - Closing down clientserver connection
2024-06-25 22:14:24,963 - MySQL connection is established at 2024-06-25 22:14:24
2024-06-25 22:14:24,963 - Database 'creditcard_capstone' already exists at 2024-06-25 22:14:24
2024-06-25 22:14:24,963 - MySQL connection is closed at 2024-06-25 22:14:24
2024-06-25 22:14:29,427 - Data extraction from CDW_SAPP_BRANCH successful at 2024-06-25 22:14:29.
2024-06-25 22:14:29,567 - Data transformation for CDW_SAPP_BRANCH successful at 2024-06-25 22:14:29.
2024-06-25 22:14:32,726 - Data loaded into MySQL table CDW_SAPP_BRANCH successful at 2024-06-25 22:14:32.
2024-06-25 22:14:32,757 - Data extraction from data/cdw_sapp_credit.json successful at 2024-06-25 22:14:32
2024-06-25 22:14:32,836 - Data transformation for credit card transactions successful at 2024-06-25 22:14:32
2024-06-25 22:14:41,888 - Data loaded into MySQL table CDW_SAPP_CREDIT_CARD successful at 2024-06-25 22:14:41.
2024-06-25 22:14:41,920 - Data extraction from data/cdw_sapp_customer.json successful at 2024-06-25 22:14:41
2024-06-25 22:14:42,046 - Data transformation for credit card transactions successful at 2024-06-25 22:14:42
2024-06-25 22:14:42,893 - Data loaded into MySQL table CDW_SAPP_CUSTOMER successful at 2024-06-25 22:14:42.
2024-06-25 22:14:42,925 - Closing down clientserver connection
2024-06-25 22:19:19,192 - MySQL connection is established at 2024-06-25 22:19:19
2024-06-25 22:19:19,192 - Database 'creditcard_capstone' already exists at 2024-06-25 22:19:19
2024-06-25 22:19:19,192 - MySQL connection is closed at 2024-06-25 22:19:19
2024-06-25 22:19:23,754 - Data extraction from CDW_SAPP_BRANCH successful at 2024-06-25 22:19:23.
2024-06-25 22:19:23,911 - Data transformation for CDW_SAPP_BRANCH successful at 2024-06-25 22:19:23.
2024-06-25 22:19:27,196 - Data loaded into MySQL table CDW_SAPP_BRANCH successful at 2024-06-25 22:19:27.
2024-06-25 22:19:27,227 - Data extraction from data/cdw_sapp_credit.json successful at 2024-06-25 22:19:27
2024-06-25 22:19:27,290 - Data transformation for credit card transactions successful at 2024-06-25 22:19:27
2024-06-25 22:19:35,706 - Data loaded into MySQL table CDW_SAPP_CREDIT_CARD successful at 2024-06-25 22:19:35.
2024-06-25 22:19:35,736 - Data extraction from data/cdw_sapp_customer.json successful at 2024-06-25 22:19:35
2024-06-25 22:19:35,846 - Data transformation for credit card transactions successful at 2024-06-25 22:19:35
2024-06-25 22:19:36,631 - Data loaded into MySQL table CDW_SAPP_CUSTOMER successful at 2024-06-25 22:19:36.
2024-06-25 22:19:36,648 - Closing down clientserver connection
2024-06-25 22:22:35,505 - MySQL connection is established at 2024-06-25 22:22:35
2024-06-25 22:22:35,505 - Database 'creditcard_capstone' already exists at 2024-06-25 22:22:35
2024-06-25 22:22:35,505 - MySQL connection is closed at 2024-06-25 22:22:35
2024-06-25 22:22:39,886 - Data extraction from CDW_SAPP_BRANCH successful at 2024-06-25 22:22:39.
2024-06-25 22:22:40,027 - Data transformation for CDW_SAPP_BRANCH successful at 2024-06-25 22:22:40.
2024-06-25 22:22:43,177 - Data loaded into MySQL table CDW_SAPP_BRANCH successful at 2024-06-25 22:22:43.
2024-06-25 22:22:43,209 - Data extraction from data/cdw_sapp_credit.json successful at 2024-06-25 22:22:43
2024-06-25 22:22:43,271 - Data transformation for credit card transactions successful at 2024-06-25 22:22:43
2024-06-25 22:22:53,020 - Data loaded into MySQL table CDW_SAPP_CREDIT_CARD successful at 2024-06-25 22:22:53.
2024-06-25 22:22:53,040 - Data extraction from data/cdw_sapp_customer.json successful at 2024-06-25 22:22:53
2024-06-25 22:22:53,118 - Data transformation for credit card transactions successful at 2024-06-25 22:22:53
2024-06-25 22:22:53,888 - Data loaded into MySQL table CDW_SAPP_CUSTOMER successful at 2024-06-25 22:22:53.
2024-06-25 22:22:53,920 - Closing down clientserver connection
2024-06-25 22:23:37,989 - MySQL connection is established at 2024-06-25 22:23:37
2024-06-25 22:23:37,989 - Database 'creditcard_capstone' already exists at 2024-06-25 22:23:37
2024-06-25 22:23:37,989 - MySQL connection is closed at 2024-06-25 22:23:37
2024-06-25 22:23:42,479 - Data extraction from CDW_SAPP_BRANCH successful at 2024-06-25 22:23:42.
2024-06-25 22:23:42,604 - Data transformation for CDW_SAPP_BRANCH successful at 2024-06-25 22:23:42.
2024-06-25 22:23:45,947 - Data loaded into MySQL table CDW_SAPP_BRANCH successful at 2024-06-25 22:23:45.
2024-06-25 22:23:45,978 - Data extraction from data/cdw_sapp_credit.json successful at 2024-06-25 22:23:45
2024-06-25 22:23:46,025 - Data transformation for credit card transactions successful at 2024-06-25 22:23:46
2024-06-25 22:23:54,903 - Data loaded into MySQL table CDW_SAPP_CREDIT_CARD successful at 2024-06-25 22:23:54.
2024-06-25 22:23:54,934 - Data extraction from data/cdw_sapp_customer.json successful at 2024-06-25 22:23:54
2024-06-25 22:23:55,044 - Data transformation for credit card transactions successful at 2024-06-25 22:23:55
2024-06-25 22:23:55,892 - Data loaded into MySQL table CDW_SAPP_CUSTOMER successful at 2024-06-25 22:23:55.
2024-06-25 22:23:55,940 - Closing down clientserver connection
2024-06-25 22:24:39,368 - MySQL connection is established at 2024-06-25 22:24:39
2024-06-25 22:24:39,368 - Database 'creditcard_capstone' already exists at 2024-06-25 22:24:39
2024-06-25 22:24:39,368 - MySQL connection is closed at 2024-06-25 22:24:39
2024-06-25 22:24:43,691 - Data extraction from CDW_SAPP_BRANCH successful at 2024-06-25 22:24:43.
2024-06-25 22:24:43,833 - Data transformation for CDW_SAPP_BRANCH successful at 2024-06-25 22:24:43.
2024-06-25 22:24:47,224 - Data loaded into MySQL table CDW_SAPP_BRANCH successful at 2024-06-25 22:24:47.
2024-06-25 22:24:47,255 - Data extraction from data/cdw_sapp_credit.json successful at 2024-06-25 22:24:47
2024-06-25 22:24:47,335 - Data transformation for credit card transactions successful at 2024-06-25 22:24:47
2024-06-25 22:24:56,175 - Data loaded into MySQL table CDW_SAPP_CREDIT_CARD successful at 2024-06-25 22:24:56.
2024-06-25 22:24:56,206 - Data extraction from data/cdw_sapp_customer.json successful at 2024-06-25 22:24:56
2024-06-25 22:24:56,317 - Data transformation for credit card transactions successful at 2024-06-25 22:24:56
2024-06-25 22:24:57,164 - Data loaded into MySQL table CDW_SAPP_CUSTOMER successful at 2024-06-25 22:24:57.
2024-06-25 22:24:57,195 - Closing down clientserver connection
2024-06-25 22:52:53,789 - MySQL connection is established at 2024-06-25 22:52:53
2024-06-25 22:52:53,789 - Database 'creditcard_capstone' already exists at 2024-06-25 22:52:53
2024-06-25 22:52:53,789 - MySQL connection is closed at 2024-06-25 22:52:53
2024-06-25 22:52:58,177 - Data extraction from CDW_SAPP_BRANCH successful at 2024-06-25 22:52:58.
2024-06-25 22:52:58,319 - Data transformation for CDW_SAPP_BRANCH successful at 2024-06-25 22:52:58.
2024-06-25 22:53:01,271 - Data loaded into MySQL table CDW_SAPP_BRANCH successful at 2024-06-25 22:53:01.
2024-06-25 22:53:01,303 - Data extraction from data/cdw_sapp_credit.json successful at 2024-06-25 22:53:01
2024-06-25 22:53:01,383 - Data transformation for credit card transactions successful at 2024-06-25 22:53:01
2024-06-25 22:53:09,697 - Data loaded into MySQL table CDW_SAPP_CREDIT_CARD successful at 2024-06-25 22:53:09.
2024-06-25 22:53:09,729 - Data extraction from data/cdw_sapp_customer.json successful at 2024-06-25 22:53:09
2024-06-25 22:53:09,839 - Data transformation for credit card transactions successful at 2024-06-25 22:53:09
2024-06-25 22:53:10,592 - Data loaded into MySQL table CDW_SAPP_CUSTOMER successful at 2024-06-25 22:53:10.
2024-06-25 22:53:10,624 - Closing down clientserver connection
2024-06-25 22:56:00,198 - MySQL connection is established at 2024-06-25 22:56:00
2024-06-25 22:56:00,198 - Database 'creditcard_capstone' already exists at 2024-06-25 22:56:00
2024-06-25 22:56:00,198 - MySQL connection is closed at 2024-06-25 22:56:00
2024-06-25 22:56:04,457 - Data extraction from CDW_SAPP_BRANCH successful at 2024-06-25 22:56:04.
2024-06-25 22:56:04,598 - Data transformation for CDW_SAPP_BRANCH successful at 2024-06-25 22:56:04.
2024-06-25 22:56:07,589 - Data loaded into MySQL table CDW_SAPP_BRANCH successful at 2024-06-25 22:56:07.
2024-06-25 22:56:07,620 - Data extraction from data/cdw_sapp_credit.json successful at 2024-06-25 22:56:07
2024-06-25 22:56:07,684 - Data transformation for credit card transactions successful at 2024-06-25 22:56:07
2024-06-25 22:56:16,583 - Data loaded into MySQL table CDW_SAPP_CREDIT_CARD successful at 2024-06-25 22:56:16.
2024-06-25 22:56:16,599 - Data extraction from data/cdw_sapp_customer.json successful at 2024-06-25 22:56:16
2024-06-25 22:56:16,709 - Data transformation for credit card transactions successful at 2024-06-25 22:56:16
2024-06-25 22:56:17,449 - Data loaded into MySQL table CDW_SAPP_CUSTOMER successful at 2024-06-25 22:56:17.
2024-06-25 22:56:17,465 - Closing down clientserver connection
2024-06-25 23:19:57,734 - MySQL connection is established at 2024-06-25 23:19:57
2024-06-25 23:19:57,749 - Database 'creditcard_capstone' created successfully at 2024-06-25 23:19:57
2024-06-25 23:19:57,749 - MySQL connection is closed at 2024-06-25 23:19:57
2024-06-25 23:20:02,146 - Data extraction from CDW_SAPP_BRANCH successful at 2024-06-25 23:20:02.
2024-06-25 23:20:02,286 - Data transformation for CDW_SAPP_BRANCH successful at 2024-06-25 23:20:02.
2024-06-25 23:20:05,491 - Data loaded into MySQL table CDW_SAPP_BRANCH successful at 2024-06-25 23:20:05.
2024-06-25 23:20:05,517 - Data extraction from data/cdw_sapp_credit.json successful at 2024-06-25 23:20:05
2024-06-25 23:20:05,737 - Error occurred in transform_credit_card function: [UNRESOLVED_COLUMN.WITH_SUGGESTION] A column or function parameter with name `YEAR` cannot be resolved. Did you mean one of the following? [`SSN`, `APT_NO`, `CUST_EMAIL`, `CUST_ZIP`, `LAST_NAME`].;
'Project [FIRST_NAME#69, MIDDLE_NAME#70, LAST_NAME#71, SSN#72, CUST_CC_NO#97, APT_NO#74, STREET_NAME#75, CUST_CITY#76, CUST_STATE#77, CUST_COUNTRY#78, CUST_ZIP#79, CUST_PHONE#80, CUST_EMAIL#81, LAST_UPDATED#82, cast(concat('YEAR, lpad(cast('MONTH as string), 2, 0), lpad(cast('DAY as string), 2, 0)) as string) AS TIMEID#113]
+- Project [FIRST_NAME#69, MIDDLE_NAME#70, LAST_NAME#71, SSN#72, CREDIT_CARD_NO#73 AS CUST_CC_NO#97, APT_NO#74, STREET_NAME#75, CUST_CITY#76, CUST_STATE#77, CUST_COUNTRY#78, CUST_ZIP#79, CUST_PHONE#80, CUST_EMAIL#81, LAST_UPDATED#82]
   +- Relation [FIRST_NAME#69,MIDDLE_NAME#70,LAST_NAME#71,SSN#72,CREDIT_CARD_NO#73,APT_NO#74,STREET_NAME#75,CUST_CITY#76,CUST_STATE#77,CUST_COUNTRY#78,CUST_ZIP#79,CUST_PHONE#80,CUST_EMAIL#81,LAST_UPDATED#82] json

2024-06-25 23:20:05,753 - Error occurred in ETL process for CDW_SAPP_CREDIT_CARD: [UNRESOLVED_COLUMN.WITH_SUGGESTION] A column or function parameter with name `YEAR` cannot be resolved. Did you mean one of the following? [`SSN`, `APT_NO`, `CUST_EMAIL`, `CUST_ZIP`, `LAST_NAME`].;
'Project [FIRST_NAME#69, MIDDLE_NAME#70, LAST_NAME#71, SSN#72, CUST_CC_NO#97, APT_NO#74, STREET_NAME#75, CUST_CITY#76, CUST_STATE#77, CUST_COUNTRY#78, CUST_ZIP#79, CUST_PHONE#80, CUST_EMAIL#81, LAST_UPDATED#82, cast(concat('YEAR, lpad(cast('MONTH as string), 2, 0), lpad(cast('DAY as string), 2, 0)) as string) AS TIMEID#113]
+- Project [FIRST_NAME#69, MIDDLE_NAME#70, LAST_NAME#71, SSN#72, CREDIT_CARD_NO#73 AS CUST_CC_NO#97, APT_NO#74, STREET_NAME#75, CUST_CITY#76, CUST_STATE#77, CUST_COUNTRY#78, CUST_ZIP#79, CUST_PHONE#80, CUST_EMAIL#81, LAST_UPDATED#82]
   +- Relation [FIRST_NAME#69,MIDDLE_NAME#70,LAST_NAME#71,SSN#72,CREDIT_CARD_NO#73,APT_NO#74,STREET_NAME#75,CUST_CITY#76,CUST_STATE#77,CUST_COUNTRY#78,CUST_ZIP#79,CUST_PHONE#80,CUST_EMAIL#81,LAST_UPDATED#82] json

2024-06-25 23:20:05,753 - Error occurred in ETL's main function: [UNRESOLVED_COLUMN.WITH_SUGGESTION] A column or function parameter with name `YEAR` cannot be resolved. Did you mean one of the following? [`SSN`, `APT_NO`, `CUST_EMAIL`, `CUST_ZIP`, `LAST_NAME`].;
'Project [FIRST_NAME#69, MIDDLE_NAME#70, LAST_NAME#71, SSN#72, CUST_CC_NO#97, APT_NO#74, STREET_NAME#75, CUST_CITY#76, CUST_STATE#77, CUST_COUNTRY#78, CUST_ZIP#79, CUST_PHONE#80, CUST_EMAIL#81, LAST_UPDATED#82, cast(concat('YEAR, lpad(cast('MONTH as string), 2, 0), lpad(cast('DAY as string), 2, 0)) as string) AS TIMEID#113]
+- Project [FIRST_NAME#69, MIDDLE_NAME#70, LAST_NAME#71, SSN#72, CREDIT_CARD_NO#73 AS CUST_CC_NO#97, APT_NO#74, STREET_NAME#75, CUST_CITY#76, CUST_STATE#77, CUST_COUNTRY#78, CUST_ZIP#79, CUST_PHONE#80, CUST_EMAIL#81, LAST_UPDATED#82]
   +- Relation [FIRST_NAME#69,MIDDLE_NAME#70,LAST_NAME#71,SSN#72,CREDIT_CARD_NO#73,APT_NO#74,STREET_NAME#75,CUST_CITY#76,CUST_STATE#77,CUST_COUNTRY#78,CUST_ZIP#79,CUST_PHONE#80,CUST_EMAIL#81,LAST_UPDATED#82] json

2024-06-25 23:20:05,784 - Closing down clientserver connection
2024-06-26 11:56:42,343 - MySQL connection is established at 2024-06-26 11:56:42
2024-06-26 11:56:42,349 - Database 'creditcard_capstone' already exists at 2024-06-26 11:56:42
2024-06-26 11:56:42,349 - MySQL connection is closed at 2024-06-26 11:56:42
2024-06-26 11:56:48,794 - Data extraction from CDW_SAPP_BRANCH successful at 2024-06-26 11:56:48.
2024-06-26 11:56:49,007 - Data transformation for CDW_SAPP_BRANCH successful at 2024-06-26 11:56:49.
2024-06-26 11:56:53,281 - Data loaded into MySQL table CDW_SAPP_BRANCH successful at 2024-06-26 11:56:53.
2024-06-26 11:56:54,332 - Data extraction from data/cdw_sapp_credit.json successful at 2024-06-26 11:56:54
2024-06-26 11:56:54,622 - Error occurred in transform_credit_card function: [UNRESOLVED_COLUMN.WITH_SUGGESTION] A column or function parameter with name `YEAR` cannot be resolved. Did you mean one of the following? [`SSN`, `APT_NO`, `CUST_EMAIL`, `CUST_ZIP`, `LAST_NAME`].;
'Project [FIRST_NAME#69, MIDDLE_NAME#70, LAST_NAME#71, SSN#72, CUST_CC_NO#169, APT_NO#74, STREET_NAME#75, CUST_CITY#76, CUST_STATE#77, CUST_COUNTRY#78, CUST_ZIP#79, CUST_PHONE#80, CUST_EMAIL#81, LAST_UPDATED#82, cast(concat('YEAR, lpad(cast('MONTH as string), 2, 0), lpad(cast('DAY as string), 2, 0)) as string) AS TIMEID#184]
+- Project [FIRST_NAME#69, MIDDLE_NAME#70, LAST_NAME#71, SSN#72, CREDIT_CARD_NO#73 AS CUST_CC_NO#169, APT_NO#74, STREET_NAME#75, CUST_CITY#76, CUST_STATE#77, CUST_COUNTRY#78, CUST_ZIP#79, CUST_PHONE#80, CUST_EMAIL#81, LAST_UPDATED#82]
   +- Relation [FIRST_NAME#69,MIDDLE_NAME#70,LAST_NAME#71,SSN#72,CREDIT_CARD_NO#73,APT_NO#74,STREET_NAME#75,CUST_CITY#76,CUST_STATE#77,CUST_COUNTRY#78,CUST_ZIP#79,CUST_PHONE#80,CUST_EMAIL#81,LAST_UPDATED#82] json

2024-06-26 11:56:54,630 - Error occurred in ETL process for CDW_SAPP_CREDIT_CARD: [UNRESOLVED_COLUMN.WITH_SUGGESTION] A column or function parameter with name `YEAR` cannot be resolved. Did you mean one of the following? [`SSN`, `APT_NO`, `CUST_EMAIL`, `CUST_ZIP`, `LAST_NAME`].;
'Project [FIRST_NAME#69, MIDDLE_NAME#70, LAST_NAME#71, SSN#72, CUST_CC_NO#169, APT_NO#74, STREET_NAME#75, CUST_CITY#76, CUST_STATE#77, CUST_COUNTRY#78, CUST_ZIP#79, CUST_PHONE#80, CUST_EMAIL#81, LAST_UPDATED#82, cast(concat('YEAR, lpad(cast('MONTH as string), 2, 0), lpad(cast('DAY as string), 2, 0)) as string) AS TIMEID#184]
+- Project [FIRST_NAME#69, MIDDLE_NAME#70, LAST_NAME#71, SSN#72, CREDIT_CARD_NO#73 AS CUST_CC_NO#169, APT_NO#74, STREET_NAME#75, CUST_CITY#76, CUST_STATE#77, CUST_COUNTRY#78, CUST_ZIP#79, CUST_PHONE#80, CUST_EMAIL#81, LAST_UPDATED#82]
   +- Relation [FIRST_NAME#69,MIDDLE_NAME#70,LAST_NAME#71,SSN#72,CREDIT_CARD_NO#73,APT_NO#74,STREET_NAME#75,CUST_CITY#76,CUST_STATE#77,CUST_COUNTRY#78,CUST_ZIP#79,CUST_PHONE#80,CUST_EMAIL#81,LAST_UPDATED#82] json

2024-06-26 11:56:54,641 - Error occurred in ETL's main function: [UNRESOLVED_COLUMN.WITH_SUGGESTION] A column or function parameter with name `YEAR` cannot be resolved. Did you mean one of the following? [`SSN`, `APT_NO`, `CUST_EMAIL`, `CUST_ZIP`, `LAST_NAME`].;
'Project [FIRST_NAME#69, MIDDLE_NAME#70, LAST_NAME#71, SSN#72, CUST_CC_NO#169, APT_NO#74, STREET_NAME#75, CUST_CITY#76, CUST_STATE#77, CUST_COUNTRY#78, CUST_ZIP#79, CUST_PHONE#80, CUST_EMAIL#81, LAST_UPDATED#82, cast(concat('YEAR, lpad(cast('MONTH as string), 2, 0), lpad(cast('DAY as string), 2, 0)) as string) AS TIMEID#184]
+- Project [FIRST_NAME#69, MIDDLE_NAME#70, LAST_NAME#71, SSN#72, CREDIT_CARD_NO#73 AS CUST_CC_NO#169, APT_NO#74, STREET_NAME#75, CUST_CITY#76, CUST_STATE#77, CUST_COUNTRY#78, CUST_ZIP#79, CUST_PHONE#80, CUST_EMAIL#81, LAST_UPDATED#82]
   +- Relation [FIRST_NAME#69,MIDDLE_NAME#70,LAST_NAME#71,SSN#72,CREDIT_CARD_NO#73,APT_NO#74,STREET_NAME#75,CUST_CITY#76,CUST_STATE#77,CUST_COUNTRY#78,CUST_ZIP#79,CUST_PHONE#80,CUST_EMAIL#81,LAST_UPDATED#82] json

2024-06-26 11:58:46,407 - MySQL connection is established at 2024-06-26 11:58:46
2024-06-26 11:58:46,409 - Database 'creditcard_capstone' already exists at 2024-06-26 11:58:46
2024-06-26 11:58:46,409 - MySQL connection is closed at 2024-06-26 11:58:46
2024-06-26 11:58:46,685 - Data extraction from data/cdw_sapp_credit.json successful at 2024-06-26 11:58:46
2024-06-26 11:58:46,929 - Data transformation for credit card transactions successful at 2024-06-26 11:58:46
2024-06-26 11:58:55,170 - Data loaded into MySQL table CDW_SAPP_CREDIT_CARD successful at 2024-06-26 11:58:55.
2024-06-26 12:01:22,035 - MySQL connection is established at 2024-06-26 12:01:22
2024-06-26 12:01:22,036 - Database 'creditcard_capstone' already exists at 2024-06-26 12:01:22
2024-06-26 12:01:22,036 - MySQL connection is closed at 2024-06-26 12:01:22
2024-06-26 12:01:22,267 - Data extraction from data/cdw_sapp_credit.json successful at 2024-06-26 12:01:22
2024-06-26 12:01:22,500 - Error occurred in transform_credit_card function: [UNRESOLVED_COLUMN.WITH_SUGGESTION] A column or function parameter with name `YEAR` cannot be resolved. Did you mean one of the following? [`SSN`, `APT_NO`, `CUST_EMAIL`, `CUST_ZIP`, `LAST_NAME`].;
'Project [FIRST_NAME#429, MIDDLE_NAME#430, LAST_NAME#431, SSN#432, CUST_CC_NO#600, APT_NO#434, STREET_NAME#435, CUST_CITY#436, CUST_STATE#437, CUST_COUNTRY#438, CUST_ZIP#439, CUST_PHONE#440, CUST_EMAIL#441, LAST_UPDATED#442, cast(concat('YEAR, lpad(cast('MONTH as string), 2, 0), lpad(cast('DAY as string), 2, 0)) as string) AS TIMEID#615]
+- Project [FIRST_NAME#429, MIDDLE_NAME#430, LAST_NAME#431, SSN#432, CREDIT_CARD_NO#433 AS CUST_CC_NO#600, APT_NO#434, STREET_NAME#435, CUST_CITY#436, CUST_STATE#437, CUST_COUNTRY#438, CUST_ZIP#439, CUST_PHONE#440, CUST_EMAIL#441, LAST_UPDATED#442]
   +- Relation [FIRST_NAME#429,MIDDLE_NAME#430,LAST_NAME#431,SSN#432,CREDIT_CARD_NO#433,APT_NO#434,STREET_NAME#435,CUST_CITY#436,CUST_STATE#437,CUST_COUNTRY#438,CUST_ZIP#439,CUST_PHONE#440,CUST_EMAIL#441,LAST_UPDATED#442] json

2024-06-26 12:01:22,503 - Error occurred in ETL process for CDW_SAPP_CREDIT_CARD: [UNRESOLVED_COLUMN.WITH_SUGGESTION] A column or function parameter with name `YEAR` cannot be resolved. Did you mean one of the following? [`SSN`, `APT_NO`, `CUST_EMAIL`, `CUST_ZIP`, `LAST_NAME`].;
'Project [FIRST_NAME#429, MIDDLE_NAME#430, LAST_NAME#431, SSN#432, CUST_CC_NO#600, APT_NO#434, STREET_NAME#435, CUST_CITY#436, CUST_STATE#437, CUST_COUNTRY#438, CUST_ZIP#439, CUST_PHONE#440, CUST_EMAIL#441, LAST_UPDATED#442, cast(concat('YEAR, lpad(cast('MONTH as string), 2, 0), lpad(cast('DAY as string), 2, 0)) as string) AS TIMEID#615]
+- Project [FIRST_NAME#429, MIDDLE_NAME#430, LAST_NAME#431, SSN#432, CREDIT_CARD_NO#433 AS CUST_CC_NO#600, APT_NO#434, STREET_NAME#435, CUST_CITY#436, CUST_STATE#437, CUST_COUNTRY#438, CUST_ZIP#439, CUST_PHONE#440, CUST_EMAIL#441, LAST_UPDATED#442]
   +- Relation [FIRST_NAME#429,MIDDLE_NAME#430,LAST_NAME#431,SSN#432,CREDIT_CARD_NO#433,APT_NO#434,STREET_NAME#435,CUST_CITY#436,CUST_STATE#437,CUST_COUNTRY#438,CUST_ZIP#439,CUST_PHONE#440,CUST_EMAIL#441,LAST_UPDATED#442] json

2024-06-26 12:01:22,507 - Error occurred in ETL's main function: [UNRESOLVED_COLUMN.WITH_SUGGESTION] A column or function parameter with name `YEAR` cannot be resolved. Did you mean one of the following? [`SSN`, `APT_NO`, `CUST_EMAIL`, `CUST_ZIP`, `LAST_NAME`].;
'Project [FIRST_NAME#429, MIDDLE_NAME#430, LAST_NAME#431, SSN#432, CUST_CC_NO#600, APT_NO#434, STREET_NAME#435, CUST_CITY#436, CUST_STATE#437, CUST_COUNTRY#438, CUST_ZIP#439, CUST_PHONE#440, CUST_EMAIL#441, LAST_UPDATED#442, cast(concat('YEAR, lpad(cast('MONTH as string), 2, 0), lpad(cast('DAY as string), 2, 0)) as string) AS TIMEID#615]
+- Project [FIRST_NAME#429, MIDDLE_NAME#430, LAST_NAME#431, SSN#432, CREDIT_CARD_NO#433 AS CUST_CC_NO#600, APT_NO#434, STREET_NAME#435, CUST_CITY#436, CUST_STATE#437, CUST_COUNTRY#438, CUST_ZIP#439, CUST_PHONE#440, CUST_EMAIL#441, LAST_UPDATED#442]
   +- Relation [FIRST_NAME#429,MIDDLE_NAME#430,LAST_NAME#431,SSN#432,CREDIT_CARD_NO#433,APT_NO#434,STREET_NAME#435,CUST_CITY#436,CUST_STATE#437,CUST_COUNTRY#438,CUST_ZIP#439,CUST_PHONE#440,CUST_EMAIL#441,LAST_UPDATED#442] json

2024-06-26 12:04:05,248 - MySQL connection is established at 2024-06-26 12:04:05
2024-06-26 12:04:05,250 - Database 'creditcard_capstone' already exists at 2024-06-26 12:04:05
2024-06-26 12:04:05,251 - MySQL connection is closed at 2024-06-26 12:04:05
2024-06-26 12:04:05,277 - Data extraction from CDW_SAPP_BRANCH successful at 2024-06-26 12:04:05.
2024-06-26 12:04:05,318 - Data transformation for CDW_SAPP_BRANCH successful at 2024-06-26 12:04:05.
2024-06-26 12:04:05,603 - Data loaded into MySQL table CDW_SAPP_BRANCH successful at 2024-06-26 12:04:05.
2024-06-26 12:04:05,860 - Data extraction from data/cdw_sapp_credit.json successful at 2024-06-26 12:04:05
2024-06-26 12:04:06,088 - Error occurred in transform_credit_card function: [UNRESOLVED_COLUMN.WITH_SUGGESTION] A column or function parameter with name `YEAR` cannot be resolved. Did you mean one of the following? [`SSN`, `APT_NO`, `CUST_EMAIL`, `CUST_ZIP`, `LAST_NAME`].;
'Project [FIRST_NAME#685, MIDDLE_NAME#686, LAST_NAME#687, SSN#688, CUST_CC_NO#856, APT_NO#690, STREET_NAME#691, CUST_CITY#692, CUST_STATE#693, CUST_COUNTRY#694, CUST_ZIP#695, CUST_PHONE#696, CUST_EMAIL#697, LAST_UPDATED#698, cast(concat('YEAR, lpad(cast('MONTH as string), 2, 0), lpad(cast('DAY as string), 2, 0)) as string) AS TIMEID#871]
+- Project [FIRST_NAME#685, MIDDLE_NAME#686, LAST_NAME#687, SSN#688, CREDIT_CARD_NO#689 AS CUST_CC_NO#856, APT_NO#690, STREET_NAME#691, CUST_CITY#692, CUST_STATE#693, CUST_COUNTRY#694, CUST_ZIP#695, CUST_PHONE#696, CUST_EMAIL#697, LAST_UPDATED#698]
   +- Relation [FIRST_NAME#685,MIDDLE_NAME#686,LAST_NAME#687,SSN#688,CREDIT_CARD_NO#689,APT_NO#690,STREET_NAME#691,CUST_CITY#692,CUST_STATE#693,CUST_COUNTRY#694,CUST_ZIP#695,CUST_PHONE#696,CUST_EMAIL#697,LAST_UPDATED#698] json

2024-06-26 12:04:06,091 - Error occurred in ETL process for CDW_SAPP_CREDIT_CARD: [UNRESOLVED_COLUMN.WITH_SUGGESTION] A column or function parameter with name `YEAR` cannot be resolved. Did you mean one of the following? [`SSN`, `APT_NO`, `CUST_EMAIL`, `CUST_ZIP`, `LAST_NAME`].;
'Project [FIRST_NAME#685, MIDDLE_NAME#686, LAST_NAME#687, SSN#688, CUST_CC_NO#856, APT_NO#690, STREET_NAME#691, CUST_CITY#692, CUST_STATE#693, CUST_COUNTRY#694, CUST_ZIP#695, CUST_PHONE#696, CUST_EMAIL#697, LAST_UPDATED#698, cast(concat('YEAR, lpad(cast('MONTH as string), 2, 0), lpad(cast('DAY as string), 2, 0)) as string) AS TIMEID#871]
+- Project [FIRST_NAME#685, MIDDLE_NAME#686, LAST_NAME#687, SSN#688, CREDIT_CARD_NO#689 AS CUST_CC_NO#856, APT_NO#690, STREET_NAME#691, CUST_CITY#692, CUST_STATE#693, CUST_COUNTRY#694, CUST_ZIP#695, CUST_PHONE#696, CUST_EMAIL#697, LAST_UPDATED#698]
   +- Relation [FIRST_NAME#685,MIDDLE_NAME#686,LAST_NAME#687,SSN#688,CREDIT_CARD_NO#689,APT_NO#690,STREET_NAME#691,CUST_CITY#692,CUST_STATE#693,CUST_COUNTRY#694,CUST_ZIP#695,CUST_PHONE#696,CUST_EMAIL#697,LAST_UPDATED#698] json

2024-06-26 12:04:06,096 - Error occurred in ETL's main function: [UNRESOLVED_COLUMN.WITH_SUGGESTION] A column or function parameter with name `YEAR` cannot be resolved. Did you mean one of the following? [`SSN`, `APT_NO`, `CUST_EMAIL`, `CUST_ZIP`, `LAST_NAME`].;
'Project [FIRST_NAME#685, MIDDLE_NAME#686, LAST_NAME#687, SSN#688, CUST_CC_NO#856, APT_NO#690, STREET_NAME#691, CUST_CITY#692, CUST_STATE#693, CUST_COUNTRY#694, CUST_ZIP#695, CUST_PHONE#696, CUST_EMAIL#697, LAST_UPDATED#698, cast(concat('YEAR, lpad(cast('MONTH as string), 2, 0), lpad(cast('DAY as string), 2, 0)) as string) AS TIMEID#871]
+- Project [FIRST_NAME#685, MIDDLE_NAME#686, LAST_NAME#687, SSN#688, CREDIT_CARD_NO#689 AS CUST_CC_NO#856, APT_NO#690, STREET_NAME#691, CUST_CITY#692, CUST_STATE#693, CUST_COUNTRY#694, CUST_ZIP#695, CUST_PHONE#696, CUST_EMAIL#697, LAST_UPDATED#698]
   +- Relation [FIRST_NAME#685,MIDDLE_NAME#686,LAST_NAME#687,SSN#688,CREDIT_CARD_NO#689,APT_NO#690,STREET_NAME#691,CUST_CITY#692,CUST_STATE#693,CUST_COUNTRY#694,CUST_ZIP#695,CUST_PHONE#696,CUST_EMAIL#697,LAST_UPDATED#698] json

2024-06-26 12:10:43,269 - MySQL connection is established at 2024-06-26 12:10:43
2024-06-26 12:10:43,270 - Database 'creditcard_capstone' already exists at 2024-06-26 12:10:43
2024-06-26 12:10:43,270 - MySQL connection is closed at 2024-06-26 12:10:43
2024-06-26 12:10:43,299 - Data extraction from CDW_SAPP_BRANCH successful at 2024-06-26 12:10:43.
2024-06-26 12:10:43,336 - Data transformation for CDW_SAPP_BRANCH successful at 2024-06-26 12:10:43.
2024-06-26 12:10:43,552 - Data loaded into MySQL table CDW_SAPP_BRANCH successful at 2024-06-26 12:10:43.
2024-06-26 12:10:43,571 - Data extraction from data/cdw_sapp_credit.json successful at 2024-06-26 12:10:43
2024-06-26 12:10:44,020 - Data transformation for credit card transactions successful at 2024-06-26 12:10:44
2024-06-26 12:10:51,308 - Data loaded into MySQL table CDW_SAPP_CREDIT_CARD successful at 2024-06-26 12:10:51.
2024-06-26 12:10:51,515 - Data extraction from data/cdw_sapp_customer.json successful at 2024-06-26 12:10:51
2024-06-26 12:10:51,611 - Data transformation for Customer successful at 2024-06-26 12:10:51
2024-06-26 12:10:52,271 - Data loaded into MySQL table CDW_SAPP_CUSTOMER successful at 2024-06-26 12:10:52.
2024-06-26 13:17:37,552 - MySQL connection is established at 2024-06-26 13:17:37
2024-06-26 13:17:37,554 - Database 'creditcard_capstone' already exists at 2024-06-26 13:17:37
2024-06-26 13:17:37,554 - MySQL connection is closed at 2024-06-26 13:17:37
2024-06-26 13:17:37,555 - Error while sending or receiving.
Traceback (most recent call last):
  File "c:\Users\Learner_9ZH3Z134\AppData\Local\Programs\Python\Python311\Lib\site-packages\py4j\clientserver.py", line 503, in send_command
    self.socket.sendall(command.encode("utf-8"))
ConnectionResetError: [WinError 10054] An existing connection was forcibly closed by the remote host
2024-06-26 13:17:37,557 - Closing down clientserver connection
2024-06-26 13:17:37,557 - Exception while sending command.
Traceback (most recent call last):
  File "c:\Users\Learner_9ZH3Z134\AppData\Local\Programs\Python\Python311\Lib\site-packages\py4j\clientserver.py", line 503, in send_command
    self.socket.sendall(command.encode("utf-8"))
ConnectionResetError: [WinError 10054] An existing connection was forcibly closed by the remote host

During handling of the above exception, another exception occurred:

Traceback (most recent call last):
  File "c:\Users\Learner_9ZH3Z134\AppData\Local\Programs\Python\Python311\Lib\site-packages\py4j\java_gateway.py", line 1038, in send_command
    response = connection.send_command(command)
               ^^^^^^^^^^^^^^^^^^^^^^^^^^^^^^^^
  File "c:\Users\Learner_9ZH3Z134\AppData\Local\Programs\Python\Python311\Lib\site-packages\py4j\clientserver.py", line 506, in send_command
    raise Py4JNetworkError(
py4j.protocol.Py4JNetworkError: Error while sending
2024-06-26 13:17:37,923 - Error while sending or receiving.
Traceback (most recent call last):
  File "c:\Users\Learner_9ZH3Z134\AppData\Local\Programs\Python\Python311\Lib\site-packages\py4j\clientserver.py", line 503, in send_command
    self.socket.sendall(command.encode("utf-8"))
ConnectionResetError: [WinError 10054] An existing connection was forcibly closed by the remote host
2024-06-26 13:17:37,923 - Closing down clientserver connection
2024-06-26 13:17:37,923 - Exception while sending command.
Traceback (most recent call last):
  File "c:\Users\Learner_9ZH3Z134\AppData\Local\Programs\Python\Python311\Lib\site-packages\py4j\clientserver.py", line 503, in send_command
    self.socket.sendall(command.encode("utf-8"))
ConnectionResetError: [WinError 10054] An existing connection was forcibly closed by the remote host

During handling of the above exception, another exception occurred:

Traceback (most recent call last):
  File "c:\Users\Learner_9ZH3Z134\AppData\Local\Programs\Python\Python311\Lib\site-packages\py4j\java_gateway.py", line 1038, in send_command
    response = connection.send_command(command)
               ^^^^^^^^^^^^^^^^^^^^^^^^^^^^^^^^
  File "c:\Users\Learner_9ZH3Z134\AppData\Local\Programs\Python\Python311\Lib\site-packages\py4j\clientserver.py", line 506, in send_command
    raise Py4JNetworkError(
py4j.protocol.Py4JNetworkError: Error while sending
2024-06-26 13:17:39,602 - Closing down clientserver connection
2024-06-26 13:17:39,602 - Error occurred in ETL's main function: [WinError 10061] No connection could be made because the target machine actively refused it
2024-06-26 13:17:39,604 - Closing down clientserver connection
2024-06-26 13:17:39,604 - Closing down clientserver connection
2024-06-26 13:17:39,975 - Closing down clientserver connection
2024-06-26 13:17:39,975 - Closing down clientserver connection
2024-06-26 13:17:39,975 - Closing down clientserver connection
2024-06-26 13:17:42,023 - Closing down clientserver connection
2024-06-26 13:17:42,023 - Closing down clientserver connection
2024-06-26 13:17:44,078 - Closing down clientserver connection
2024-06-26 13:17:44,078 - Closing down clientserver connection
2024-06-26 13:17:46,116 - Closing down clientserver connection
2024-06-26 13:17:46,117 - Closing down clientserver connection
2024-06-26 13:17:48,175 - Closing down clientserver connection
2024-06-26 13:17:48,176 - Closing down clientserver connection
2024-06-26 13:17:50,213 - Closing down clientserver connection
2024-06-26 13:17:50,213 - Closing down clientserver connection
2024-06-26 13:17:52,266 - Closing down clientserver connection
2024-06-26 13:17:52,266 - Closing down clientserver connection
2024-06-26 13:17:54,304 - Closing down clientserver connection
2024-06-26 13:17:54,304 - Closing down clientserver connection
2024-06-26 13:17:56,357 - Closing down clientserver connection
2024-06-26 13:17:56,357 - Closing down clientserver connection
2024-06-26 13:17:58,404 - Closing down clientserver connection
2024-06-26 13:17:58,404 - Closing down clientserver connection
2024-06-26 13:18:00,459 - Closing down clientserver connection
2024-06-26 13:18:00,459 - Closing down clientserver connection
2024-06-26 13:18:02,495 - Closing down clientserver connection
2024-06-26 13:18:02,495 - Closing down clientserver connection
2024-06-26 13:18:04,543 - Closing down clientserver connection
2024-06-26 13:18:04,544 - Closing down clientserver connection
2024-06-26 13:18:06,593 - Closing down clientserver connection
2024-06-26 13:18:06,594 - Closing down clientserver connection
2024-06-26 13:18:08,644 - Closing down clientserver connection
2024-06-26 13:18:08,644 - Closing down clientserver connection
2024-06-26 13:18:10,688 - Closing down clientserver connection
2024-06-26 13:18:10,688 - Closing down clientserver connection
2024-06-26 13:18:12,737 - Closing down clientserver connection
2024-06-26 13:18:12,737 - Closing down clientserver connection
2024-06-26 13:18:14,794 - Closing down clientserver connection
2024-06-26 13:18:14,794 - Closing down clientserver connection
2024-06-26 13:18:16,837 - Closing down clientserver connection
2024-06-26 13:18:16,837 - Closing down clientserver connection
2024-06-26 13:18:18,895 - Closing down clientserver connection
2024-06-26 13:18:18,895 - Closing down clientserver connection
2024-06-26 13:18:20,931 - Closing down clientserver connection
2024-06-26 13:18:20,931 - Closing down clientserver connection
2024-06-26 13:18:22,966 - Closing down clientserver connection
2024-06-26 13:18:22,966 - Closing down clientserver connection
2024-06-26 13:30:01,596 - MySQL connection is established at 2024-06-26 13:30:01
2024-06-26 13:30:01,597 - Database 'creditcard_capstone' already exists at 2024-06-26 13:30:01
2024-06-26 13:30:01,598 - MySQL connection is closed at 2024-06-26 13:30:01
2024-06-26 13:30:03,640 - Closing down clientserver connection
2024-06-26 13:30:03,640 - Error occurred in ETL's main function: [WinError 10061] No connection could be made because the target machine actively refused it
2024-06-26 13:30:03,640 - Closing down clientserver connection
2024-06-26 13:59:05,619 - MySQL connection is established at 2024-06-26 13:59:05
2024-06-26 13:59:05,622 - Database 'creditcard_capstone' already exists at 2024-06-26 13:59:05
2024-06-26 13:59:05,622 - MySQL connection is closed at 2024-06-26 13:59:05
2024-06-26 13:59:07,647 - Closing down clientserver connection
2024-06-26 13:59:07,647 - Error occurred in ETL's main function: [WinError 10061] No connection could be made because the target machine actively refused it
2024-06-26 13:59:07,647 - Closing down clientserver connection
2024-06-26 13:59:30,600 - MySQL connection is established at 2024-06-26 13:59:30
2024-06-26 13:59:30,603 - Database 'creditcard_capstone' already exists at 2024-06-26 13:59:30
2024-06-26 13:59:30,603 - MySQL connection is closed at 2024-06-26 13:59:30
2024-06-26 13:59:32,640 - Closing down clientserver connection
2024-06-26 13:59:32,640 - Error occurred in ETL's main function: [WinError 10061] No connection could be made because the target machine actively refused it
2024-06-26 13:59:32,640 - Closing down clientserver connection
2024-06-26 13:59:52,342 - MySQL connection is established at 2024-06-26 13:59:52
2024-06-26 13:59:52,345 - Database 'creditcard_capstone' already exists at 2024-06-26 13:59:52
2024-06-26 13:59:52,346 - MySQL connection is closed at 2024-06-26 13:59:52
2024-06-26 13:59:54,394 - Closing down clientserver connection
2024-06-26 13:59:54,394 - Error occurred in ETL's main function: [WinError 10061] No connection could be made because the target machine actively refused it
2024-06-26 13:59:54,394 - Closing down clientserver connection
2024-06-26 14:00:08,504 - MySQL connection is established at 2024-06-26 14:00:08
2024-06-26 14:00:08,505 - Database 'creditcard_capstone' already exists at 2024-06-26 14:00:08
2024-06-26 14:00:08,505 - MySQL connection is closed at 2024-06-26 14:00:08
2024-06-26 14:00:13,347 - Data extraction from CDW_SAPP_BRANCH successful at 2024-06-26 14:00:13.
2024-06-26 14:00:13,550 - Data transformation for CDW_SAPP_BRANCH successful at 2024-06-26 14:00:13.
2024-06-26 14:00:17,532 - Data loaded into MySQL table CDW_SAPP_BRANCH successful at 2024-06-26 14:00:17.
2024-06-26 14:00:17,569 - Data extraction from data/cdw_sapp_credit.json successful at 2024-06-26 14:00:17
2024-06-26 14:00:17,653 - Data transformation for credit card transactions successful at 2024-06-26 14:00:17
2024-06-26 14:00:27,001 - Data loaded into MySQL table CDW_SAPP_CREDIT_CARD successful at 2024-06-26 14:00:27.
2024-06-26 14:00:27,466 - Data extraction from data/cdw_sapp_customer.json successful at 2024-06-26 14:00:27
2024-06-26 14:00:27,628 - Data transformation for Customer successful at 2024-06-26 14:00:27
2024-06-26 14:00:28,699 - Data loaded into MySQL table CDW_SAPP_CUSTOMER successful at 2024-06-26 14:00:28.
2024-06-26 14:00:28,726 - Closing down clientserver connection
2024-06-26 14:08:31,279 - MySQL connection is established at 2024-06-26 14:08:31
2024-06-26 14:08:31,280 - Database 'creditcard_capstone' already exists at 2024-06-26 14:08:31
2024-06-26 14:08:31,281 - MySQL connection is closed at 2024-06-26 14:08:31
2024-06-26 14:08:38,756 - Data extraction from CDW_SAPP_BRANCH successful at 2024-06-26 14:08:38.
2024-06-26 14:08:38,980 - Data transformation for CDW_SAPP_BRANCH successful at 2024-06-26 14:08:38.
2024-06-26 14:08:43,505 - Data loaded into MySQL table CDW_SAPP_BRANCH successful at 2024-06-26 14:08:43.
2024-06-26 14:08:43,545 - Data extraction from data/cdw_sapp_credit.json successful at 2024-06-26 14:08:43
2024-06-26 14:08:44,530 - Data transformation for credit card transactions successful at 2024-06-26 14:08:44
2024-06-26 14:08:56,152 - Data loaded into MySQL table CDW_SAPP_CREDIT_CARD successful at 2024-06-26 14:08:56.
2024-06-26 14:08:56,477 - Data extraction from data/cdw_sapp_customer.json successful at 2024-06-26 14:08:56
2024-06-26 14:08:56,626 - Data transformation for Customer successful at 2024-06-26 14:08:56
2024-06-26 14:08:57,456 - Data loaded into MySQL table CDW_SAPP_CUSTOMER successful at 2024-06-26 14:08:57.
2024-06-26 14:08:57,481 - Closing down clientserver connection
2024-06-26 14:13:17,440 - MySQL connection is established at 2024-06-26 14:13:17
2024-06-26 14:13:17,442 - Database 'creditcard_capstone' already exists at 2024-06-26 14:13:17
2024-06-26 14:13:17,442 - MySQL connection is closed at 2024-06-26 14:13:17
2024-06-26 14:13:24,168 - Data extraction from CDW_SAPP_BRANCH successful at 2024-06-26 14:13:24.
2024-06-26 14:13:24,375 - Data transformation for CDW_SAPP_BRANCH successful at 2024-06-26 14:13:24.
2024-06-26 14:13:28,819 - Data loaded into MySQL table CDW_SAPP_BRANCH successful at 2024-06-26 14:13:28.
2024-06-26 14:13:28,856 - Data extraction from data/cdw_sapp_credit.json successful at 2024-06-26 14:13:28
2024-06-26 14:13:30,401 - Data transformation for credit card transactions successful at 2024-06-26 14:13:30
2024-06-26 14:13:42,058 - Data loaded into MySQL table CDW_SAPP_CREDIT_CARD successful at 2024-06-26 14:13:42.
2024-06-26 14:13:42,091 - Data extraction from data/cdw_sapp_customer.json successful at 2024-06-26 14:13:42
2024-06-26 14:13:42,200 - Data transformation for Customer successful at 2024-06-26 14:13:42
2024-06-26 14:13:43,135 - Data loaded into MySQL table CDW_SAPP_CUSTOMER successful at 2024-06-26 14:13:43.
2024-06-26 14:13:43,166 - Closing down clientserver connection
2024-06-26 14:15:05,148 - MySQL connection is established at 2024-06-26 14:15:05
2024-06-26 14:15:05,150 - Database 'creditcard_capstone' already exists at 2024-06-26 14:15:05
2024-06-26 14:15:05,150 - MySQL connection is closed at 2024-06-26 14:15:05
2024-06-26 14:15:11,556 - Data extraction from CDW_SAPP_BRANCH successful at 2024-06-26 14:15:11.
2024-06-26 14:15:11,764 - Data transformation for CDW_SAPP_BRANCH successful at 2024-06-26 14:15:11.
2024-06-26 14:15:16,113 - Data loaded into MySQL table CDW_SAPP_BRANCH successful at 2024-06-26 14:15:16.
2024-06-26 14:15:16,150 - Data extraction from data/cdw_sapp_credit.json successful at 2024-06-26 14:15:16
2024-06-26 14:15:17,691 - Data transformation for credit card transactions successful at 2024-06-26 14:15:17
2024-06-26 14:15:28,966 - Data loaded into MySQL table CDW_SAPP_CREDIT_CARD successful at 2024-06-26 14:15:28.
2024-06-26 14:15:29,008 - Data extraction from data/cdw_sapp_customer.json successful at 2024-06-26 14:15:29
2024-06-26 14:15:29,115 - Data transformation for Customer successful at 2024-06-26 14:15:29
2024-06-26 14:15:30,025 - Data loaded into MySQL table CDW_SAPP_CUSTOMER successful at 2024-06-26 14:15:30.
2024-06-26 14:15:30,051 - Closing down clientserver connection
